2021-11-22 10:22:37,643  INFO [main] HomePageStepDefination:44 - landing at home page
2021-11-22 10:22:40,394  INFO [main] SignInStepDefination:37 - clicked on sign button
2021-11-22 10:22:40,964  INFO [main] SignInStepDefination:46 -  entered
2021-11-22 10:22:41,176  INFO [main] SignInStepDefination:49 -  entered
2021-11-22 10:22:45,187  INFO [main] SignInStepDefination:56 - clicked on summit button
2021-11-22 10:22:48,550  INFO [main] SignInStepDefination:37 - clicked on sign button
2021-11-22 10:22:49,108  INFO [main] SignInStepDefination:46 - abcd@123 entered
2021-11-22 10:22:49,311  INFO [main] SignInStepDefination:49 - abcd entered
2021-11-22 10:22:53,648  INFO [main] SignInStepDefination:56 - clicked on summit button
2021-11-22 10:22:56,503  INFO [main] SignInStepDefination:37 - clicked on sign button
2021-11-22 10:22:57,175  INFO [main] SignInStepDefination:46 - manalishewale@gmail.com entered
2021-11-22 10:22:57,371  INFO [main] SignInStepDefination:49 - Abcd@123 entered
2021-11-22 10:23:01,174  INFO [main] SignInStepDefination:56 - clicked on summit button
2021-11-22 10:23:11,263  INFO [main] PersonalizedGiftStepDefination:55 - Successfully Sorted Products High to Low based on price
2021-11-22 10:23:11,301  INFO [main] SearchProductStepDefiantion:34 - Search Box Activated
2021-11-22 10:23:21,620  INFO [main] SearchProductStepDefiantion:49 - enterd product name
2021-11-22 10:23:21,624  INFO [main] SearchProductStepDefiantion:54 - Successfully searched product - Diary
2021-11-22 10:23:21,944  INFO [main] SearchProductStepDefiantion:63 - Succesfully verified products are display!!
2021-11-22 10:23:26,293  INFO [main] ChristmasGiftStepDefination:29 - Successfully navigated to christmas Gifts...
2021-11-22 10:23:35,618  INFO [main] ChristmasGiftStepDefination:43 - Added product to Crad...
