2021-11-22 10:24:38,713  INFO [main] HomePageStepDefination:44 - landing at home page
2021-11-22 10:24:43,114  INFO [main] SignInStepDefination:37 - clicked on sign button
2021-11-22 10:24:43,681  INFO [main] SignInStepDefination:46 -  entered
2021-11-22 10:24:43,840  INFO [main] SignInStepDefination:49 -  entered
2021-11-22 10:24:47,573  INFO [main] SignInStepDefination:56 - clicked on summit button
2021-11-22 10:24:50,746  INFO [main] SignInStepDefination:37 - clicked on sign button
2021-11-22 10:24:51,358  INFO [main] SignInStepDefination:46 - abcd@123 entered
2021-11-22 10:24:51,547  INFO [main] SignInStepDefination:49 - abcd entered
2021-11-22 10:24:51,744  INFO [main] SignInStepDefination:56 - clicked on summit button
2021-11-22 10:24:54,079  INFO [main] SignInStepDefination:37 - clicked on sign button
2021-11-22 10:24:54,751  INFO [main] SignInStepDefination:46 - manalishewale@gmail.com entered
2021-11-22 10:24:54,968  INFO [main] SignInStepDefination:49 - Abcd@123 entered
2021-11-22 10:24:59,437  INFO [main] SignInStepDefination:56 - clicked on summit button
2021-11-22 10:25:07,516  INFO [main] PersonalizedGiftStepDefination:55 - Successfully Sorted Products High to Low based on price
2021-11-22 10:25:08,361  INFO [main] SearchProductStepDefiantion:34 - Search Box Activated
2021-11-22 10:25:19,340  INFO [main] SearchProductStepDefiantion:49 - enterd product name
2021-11-22 10:25:19,348  INFO [main] SearchProductStepDefiantion:54 - Successfully searched product - Diary
2021-11-22 10:25:19,607  INFO [main] SearchProductStepDefiantion:63 - Succesfully verified products are display!!
2021-11-22 10:25:25,895  INFO [main] ChristmasGiftStepDefination:29 - Successfully navigated to christmas Gifts...
2021-11-22 10:25:36,844  INFO [main] ChristmasGiftStepDefination:43 - Added product to Crad...
